Arguments: 
  /Users/thejoker/.nvm/versions/node/v10.11.0/bin/node /usr/local/bin/yarn

PATH: 
  /Users/thejoker/.nvm/versions/node/v10.11.0/bin:/Library/Frameworks/Python.framework/Versions/3.6/bin:/usr/local/opt/bzip2/bin:/usr/local/opt/openssl/bin:/usr/local/opt/openssl/bin:/usr/local/opt/postgresql@9.6/bin:/usr/local/bin:/usr/bin:/bin:/usr/sbin:/sbin:/usr/local/share/dotnet:/Library/Frameworks/Mono.framework/Versions/Current/Commands:/Applications/Xamarin Workbooks.app/Contents/SharedSupport/path-bin:/Users/thejoker/.rvm/bin:/Users/thejoker/.rvm/bin

Yarn version: 
  1.5.1

Node version: 
  10.11.0

Platform: 
  darwin x64

npm manifest: 
  {
    "name": "arkid",
    "version": "6.1.9",
    "description": "",
    "main": "index.js",
    "scripts": {
      "test": "set ARKID_ENV=testing&& mocha-webpack --timeout 1000000 --webpack-config webpack.config.js --require tests/setup.js \"tests/**/*.spec.js\"",
      "testfile": "set ARKID_ENV=testing&& mocha-webpack --timeout 1000000 --webpack-config webpack.config.js --require tests/setup.js ",
      "start": "set ARKID_ENV=development&& webpack --watch",
      "build": "set ARKID_ENV=production&& webpack"
    },
    "author": "",
    "license": "ISC",
    "dependencies": {
      "aes-oop": "^1.0.4",
      "arisen-rc-parser": "~1.0.0",
      "arisenjs": "~1.0.0",
      "arisenjs-api": "~1.0.0",
      "arisenjs-ecc": "~1.0.0",
      "bip39": "^2.5.0",
      "dotenv-webpack": "^1.5.7",
      "ethereumjs-abi": "^0.6.5",
      "ethereumjs-tx": "^1.3.7",
      "ethereumjs-util": "^5.2.0",
      "extension-streams": "^1.0.7",
      "fcbuffer": "^2.2.1",
      "ridl": "^0.1.0",
      "scrypt-async": "^2.0.0",
      "secp256k1": "^3.5.0",
      "vue": "^2.5.17",
      "vue-moment": "^3.2.0",
      "vue-router": "^3.0.1",
      "vuex": "^3.0.1",
      "web3": "^1.0.0-beta2",
      "web3-provider-engine": "^14.0.6"
    },
    "devDependencies": {
      "babel-core": "^6.26.3",
      "babel-loader": "^7.1.5",
      "babel-plugin-transform-runtime": "^6.23.0",
      "babel-preset-es2015": "^6.24.1",
      "babel-preset-stage-3": "^6.24.1",
      "chai": "^4.1.2",
      "copy-webpack-plugin": "^4.5.2",
      "css-loader": "^0.28.11",
      "extract-text-webpack-plugin": "^3.0.2",
      "file-loader": "^1.1.11",
      "ignore-emit-webpack-plugin": "^0.2.1",
      "jsdom": "^11.12.0",
      "jsdom-global": "^3.0.2",
      "mocha": "^5.2.0",
      "mocha-webpack": "^1.1.0",
      "node-sass": "^4.9.3",
      "sass-loader": "^6.0.7",
      "uglifyjs-webpack-plugin": "^1.3.0",
      "vue-loader": "^13.7.2",
      "vue-template-compiler": "^2.5.17",
      "webpack": "^3.12.0",
      "webpack-node-externals": "^1.7.2",
      "zip-webpack-plugin": "^2.1.0"
    }
  }

yarn manifest: 
  No manifest

Lockfile: 
  No lockfile

Trace: 
  Error: /Users/thejoker/arisen/aRK-chrome/node_modules/sha3: Command failed.
  Exit code: 1
  Command: sh
  Arguments: -c node-gyp rebuild
  Directory: /Users/thejoker/arisen/aRK-chrome/node_modules/sha3
  Output:
  gyp info it worked if it ends with ok
  gyp info using node-gyp@3.8.0
  gyp info using node@10.11.0 | darwin | x64
  gyp info spawn /usr/local/bin/python2
  gyp info spawn args [ '/Users/thejoker/.nvm/versions/node/v10.11.0/lib/node_modules/npm/node_modules/node-gyp/gyp/gyp_main.py',
  gyp info spawn args   'binding.gyp',
  gyp info spawn args   '-f',
  gyp info spawn args   'make',
  gyp info spawn args   '-I',
  gyp info spawn args   '/Users/thejoker/arisen/aRK-chrome/node_modules/sha3/build/config.gypi',
  gyp info spawn args   '-I',
  gyp info spawn args   '/Users/thejoker/.nvm/versions/node/v10.11.0/lib/node_modules/npm/node_modules/node-gyp/addon.gypi',
  gyp info spawn args   '-I',
  gyp info spawn args   '/Users/thejoker/.node-gyp/10.11.0/include/node/common.gypi',
  gyp info spawn args   '-Dlibrary=shared_library',
  gyp info spawn args   '-Dvisibility=default',
  gyp info spawn args   '-Dnode_root_dir=/Users/thejoker/.node-gyp/10.11.0',
  gyp info spawn args   '-Dnode_gyp_dir=/Users/thejoker/.nvm/versions/node/v10.11.0/lib/node_modules/npm/node_modules/node-gyp',
  gyp info spawn args   '-Dnode_lib_file=/Users/thejoker/.node-gyp/10.11.0/<(target_arch)/node.lib',
  gyp info spawn args   '-Dmodule_root_dir=/Users/thejoker/arisen/aRK-chrome/node_modules/sha3',
  gyp info spawn args   '-Dnode_engine=v8',
  gyp info spawn args   '--depth=.',
  gyp info spawn args   '--no-parallel',
  gyp info spawn args   '--generator-output',
  gyp info spawn args   'build',
  gyp info spawn args   '-Goutput_dir=.' ]
  gyp info spawn make
  gyp info spawn args [ 'BUILDTYPE=Release', '-C', 'build' ]
  xcrun: error: active developer path ("/Users/thejoker/Downloads/Xcode-beta.app/Contents/Developer") does not exist
  Use `sudo xcode-select --switch path/to/Xcode.app` to specify the Xcode that you wish to use for command line developer tools, or use `xcode-select --install` to install the standalone command line developer tools.
  See `man xcode-select` for more details.
  gyp ERR! build error 
  gyp ERR! stack Error: `make` failed with exit code: 1
  gyp ERR! stack     at ChildProcess.onExit (/Users/thejoker/.nvm/versions/node/v10.11.0/lib/node_modules/npm/node_modules/node-gyp/lib/build.js:262:23)
  gyp ERR! stack     at ChildProcess.emit (events.js:182:13)
  gyp ERR! stack     at Process.ChildProcess._handle.onexit (internal/child_process.js:240:12)
  gyp ERR! System Darwin 17.6.0
  gyp ERR! command "/Users/thejoker/.nvm/versions/node/v10.11.0/bin/node" "/Users/thejoker/.nvm/versions/node/v10.11.0/lib/node_modules/npm/node_modules/node-gyp/bin/node-gyp.js" "rebuild"
  gyp ERR! cwd /Users/thejoker/arisen/aRK-chrome/node_modules/sha3
  gyp ERR! node -v v10.11.0
  gyp ERR! node-gyp -v v3.8.0
  gyp ERR! not ok
      at ProcessTermError.MessageError (/usr/local/lib/node_modules/yarn/lib/cli.js:186:110)
      at new ProcessTermError (/usr/local/lib/node_modules/yarn/lib/cli.js:226:113)
      at ChildProcess.<anonymous> (/usr/local/lib/node_modules/yarn/lib/cli.js:30281:17)
      at ChildProcess.emit (events.js:182:13)
      at maybeClose (internal/child_process.js:962:16)
      at Process.ChildProcess._handle.onexit (internal/child_process.js:251:5)
